
ROM used:   598/8192 (7%)
            598/8192 (7%) including unused fragments

            0.5 Average locations per line
            6.0 Average locations per statement

RAM used:   29/368 (8%) at main() level
            42/368 (11%) worst case

Stack used: 4 worst case (4 in main + 0 for interrupts)
Stack size: 8

Lines Stmts  %   Files
----- ----- ---  -----
   41    16  16  Pic16f877 UART Haberlesme.c
  642     0   0  ..\..\..\..\..\Program Files (x86)\PICC\Devices\16f877.h
  456    84  84  ..\..\..\..\..\Program Files (x86)\PICC\Drivers\lcd.c
----- -----
 1139   100 Total

Page ROM  %  RAM    Vol Diff  Functions:
---- --- --- ---    --- ----  ----------
0     21   4    1             @delay_ms1
 Inline         3    596  5.9  lcd_read_byte
0      6   1    0     59  4.2  lcd_read_nibble
0     12   2    1    179  3.3  lcd_send_nibble
0     64  11    3    460  4.7  lcd_send_byte
0     62  10    6    814  7.2  lcd_init
0     18   3    4    208  6.3  lcd_gotoxy
0     44   7    1    354  4.7  lcd_putc
0     97  16    1    402  2.8  MAIN
0     13   2    1             @SPRINTF
0     21   4    3             @DIV88
0     89  15    6             @PRINTF_D_638
0      9   2    0             @const646
0     89  15    5             @PSTRINGCN7_615
0     24   4    2             @PSTRINGR_615
0     25   4    2             @PSTRINGR_1
 Inline         0             @cinit1

Program metrics:
    Functions               8
    Statements              100
    Comments                220
    Volume (V)              4669
    Difficulty (D)          36.6
    Effort to implement (E) 171060
    Time to implement (T)   2 hours, 38 minutes
    Est Delivered Bugs (B)  1
    Cyclomatic Complexity   8
    Maintainability (MI)    145

 Segment     Used  Free
-----------  ----  ----
00000-00003     4  0  
00004-007FF   594  1450  
00800-00FFF     0  2048  
01000-017FF     0  2048  
01800-01FFF     0  2048  



